<?xml version="1.0" encoding="UTF-8"?>
<!-- Generated by org.testng.reporters.JUnitReportReporter -->
<testsuite hostname="IN01L0444" failures="0" tests="2" name="testscripts.sample2" time="0.145" errors="0" timestamp="2021-02-06T06:54:21 IST" skipped="0">
  <testcase classname="testscripts.sample2" name="testforsample2" time="0.067"/>
  <system-out>
Navi Navi  </system-out>
  <testcase classname="testscripts.sample2" name="testforsample2" time="0.078"/>
  <system-out>
Anju Anju  </system-out>
</testsuite> <!-- testscripts.sample2 -->
