<?xml version="1.0" encoding="UTF-8"?>
<!-- Generated by org.testng.reporters.JUnitReportReporter -->
<testsuite hostname="IN01L0444" failures="0" tests="1" name="framework.DriverScript" time="121.995" errors="0" timestamp="2021-05-19T13:10:04 IST" skipped="0">
  <testcase classname="framework.DriverScript" name="DriverScriptTrig" time="121.995"/>
  <system-out/>
</testsuite> <!-- framework.DriverScript -->
