<?xml version="1.0" encoding="UTF-8"?>
<!-- Generated by org.testng.reporters.JUnitReportReporter -->
<testsuite skipped="4" hostname="IN01L0458" name="testscripts.DummyScrip3" tests="5" failures="0" timestamp="2021-07-14T16:42:35 IST" time="266.626" errors="0">
  <testcase name="ProvisionNewRole" time="266.626" classname="testscripts.DummyScrip3"/>
  <system-out>
    <![CDATA[Verify that user is provisioned with new role successfully
Provided Value (sample1) in Login User Name
Provided Value (Simeio@321) in Login Password<br><a href="screenshot/1626260916406.png" target="_blank" title="view screenshot">View Screnshot</a>
Clicked on Saviynt Login Button
Saiynt Home Page Icon is found in UI within 5.0 seconds
Clicked on Click Request for others
Provided Value (1800188) in Enter User ID
Clicked on Click Radio button
Clicked on Click Next button
Clicked on Click Add to Cart Button
Clicked on Click Checkout Button
Clicked on Add Role
Clicked on Click Next button
Provided Value (Approved) in Enter User ID
Clicked on Click Submit button
Clicked on Click Logout Image
Clicked on Click Logout button
Clicked on Click Login Again button
Provided Value (1800431) in Login User Name
Provided Value (August-2020) in Login Password<br><a href="screenshot/1626261065027.png" target="_blank" title="view screenshot">View Screnshot</a>
Clicked on Saviynt Login Button
Clicked on Click Logout button
Clicked on Click search icon
Provided Value (160550) in Search Request ID
Clicked on Click request ID link
Clicked on Click Accept Account Button
Provided Value (Approved) in Enter Comment
Clicked on Click Submit Button
Clicked on Click Accept Button
Provided Value (Approved) in Enter Comment
Clicked on Click Submit Button
Clicked on Click confirm button]]>
  </system-out>
  <testcase name="RoleCreationTest1" classname="testscripts.DummyScrip3">
    <skipped/>
  </testcase> <!-- RoleCreationTest1 -->
  <system-out/>
  <testcase name="roleCreationTest" classname="testscripts.DummyScrip3">
    <skipped/>
  </testcase> <!-- roleCreationTest -->
  <system-out/>
  <testcase name="RoleCreationTest2" classname="testscripts.DummyScrip3">
    <skipped/>
  </testcase> <!-- RoleCreationTest2 -->
  <system-out/>
  <testcase name="RoleRequestRejection" classname="testscripts.DummyScrip3">
    <skipped/>
  </testcase> <!-- RoleRequestRejection -->
  <system-out/>
</testsuite> <!-- testscripts.DummyScrip3 -->
