<?xml version="1.0" encoding="UTF-8"?>
<!-- Generated by org.testng.reporters.JUnitReportReporter -->
<testsuite hostname="IN01L0444" failures="0" tests="1" name="testscripts.DummyScrip2" time="40.008" errors="0" timestamp="2021-05-19T13:10:04 IST" skipped="0">
  <testcase classname="testscripts.DummyScrip2" name="OnBoardUserTest" time="40.008"/>
  <system-out>
Verify  that the new user gets created into an Savinyt system with birth right access successfully Provided Value (Poorna) in Login User Name Provided Value (Simeio@321) in Login Password<br><a href="screenshot/1621409982798.png" target="_blank" title="view screenshot">View Screnshot</a> Clicked on Saviynt Login Button Saiynt Home Page Icon is found in UI within 5.0 seconds Clicked on Application Navigation pop up Clicked on Admin Tile in Application Navigation<br><a href="screenshot/1621409997189.png" target="_blank" title="view screenshot">View Screnshot</a> Job COntrol Page Header is found in UI within 5.0 seconds Clicked on Hamburger Menu Icon Clicked on Identity Repository Menu<br><a href="screenshot/1621409997922.png" target="_blank" title="view screenshot">View Screnshot</a> Clicked on Users Menu<br><a href="screenshot/1621410004019.png" target="_blank" title="view screenshot">View Screnshot</a> Users Page Header is found in UI within 5.0 seconds  </system-out>
</testsuite> <!-- testscripts.DummyScrip2 -->
