<?xml version="1.0" encoding="UTF-8"?>
<!-- Generated by org.testng.reporters.JUnitReportReporter -->
<testsuite hostname="IN01L0444" failures="0" tests="3" name="testscripts.sample" time="68.217" errors="0" timestamp="2021-05-18T18:07:23 IST" skipped="0">
  <testcase classname="testscripts.sample" name="testforsample1" time="17.998"/>
  <system-out>
Sample TestCase_2 title found as Facebook – log in or sign up<br><a href="screenshot/1621341389372.png" target="_blank" title="view screenshot">View Screnshot</a>  </system-out>
  <testcase classname="testscripts.sample" name="testforsample1" time="15.720"/>
  <system-out>
Sample TestCase_1 title found as Facebook – log in or sign up<br><a href="screenshot/1621341404331.png" target="_blank" title="view screenshot">View Screnshot</a>  </system-out>
  <testcase classname="testscripts.sample" name="testforsample1" time="34.499"/>
  <system-out>
Sample TestCase_0 title found as Facebook – log in or sign up<br><a href="screenshot/1621341417810.png" target="_blank" title="view screenshot">View Screnshot</a>  </system-out>
</testsuite> <!-- testscripts.sample -->
