<?xml version="1.0" encoding="UTF-8"?>
<!-- Generated by org.testng.reporters.JUnitReportReporter -->
<testsuite hostname="IN01L0444" failures="0" tests="3" name="testscripts.sample1" time="40.767" errors="0" timestamp="2021-02-10T15:54:18 IST" skipped="0">
  <testcase classname="testscripts.sample1" name="testforsample1" time="14.155"/>
  <system-out>
Sample TestCase_10 title found as Facebook – log in or sign up<br><a href="screenshot/1612952653531.png" target="_blank" title="view screenshot">View Screnshot</a>  </system-out>
  <testcase classname="testscripts.sample1" name="testforsample1" time="12.947"/>
  <system-out>
Sample TestCase_11 title found as Facebook – log in or sign up<br><a href="screenshot/1612952639403.png" target="_blank" title="view screenshot">View Screnshot</a>  </system-out>
  <testcase classname="testscripts.sample1" name="testforsample1" time="13.665"/>
  <system-out>
Sample TestCase_12 title found as Facebook – log in or sign up<br><a href="screenshot/1612952626335.png" target="_blank" title="view screenshot">View Screnshot</a>  </system-out>
</testsuite> <!-- testscripts.sample1 -->
