<?xml version="1.0" encoding="UTF-8"?>
<!-- Generated by org.testng.reporters.JUnitReportReporter -->
<testsuite hostname="IN01L0444" failures="0" tests="2" name="test.sample" time="0.006" errors="0" timestamp="2021-02-06T01:03:53 IST" skipped="0">
  <testcase classname="test.sample" name="test" time="0.005"/>
  <system-out/>
  <testcase classname="test.sample" name="test" time="0.001"/>
  <system-out/>
</testsuite> <!-- test.sample -->
