<?xml version="1.0" encoding="UTF-8"?>
<!-- Generated by org.testng.reporters.JUnitReportReporter -->
<testsuite hostname="IN01L0444" failures="0" tests="1" name="testscripts.DummyScrip1" time="80.693" errors="0" timestamp="2021-05-19T13:10:04 IST" skipped="0">
  <testcase classname="testscripts.DummyScrip1" name="OnBoardUserTest" time="80.693"/>
  <system-out>
Verify  that the new user gets created into an Savinyt system with birth right access successfully Provided Value (Poorna) in Login User Name Provided Value (Simeio@321) in Login Password<br><a href="screenshot/1621409915797.png" target="_blank" title="view screenshot">View Screnshot</a> Clicked on Saviynt Login Button Saiynt Home Page Icon is found in UI within 5.0 seconds Clicked on Application Navigation pop up Clicked on Admin Tile in Application Navigation<br><a href="screenshot/1621409957270.png" target="_blank" title="view screenshot">View Screnshot</a> Job COntrol Page Header is found in UI within 5.0 seconds Clicked on Hamburger Menu Icon Clicked on Identity Repository Menu<br><a href="screenshot/1621409958136.png" target="_blank" title="view screenshot">View Screnshot</a> Clicked on Users Menu<br><a href="screenshot/1621409963886.png" target="_blank" title="view screenshot">View Screnshot</a> Users Page Header is found in UI within 5.0 seconds  </system-out>
</testsuite> <!-- testscripts.DummyScrip1 -->
