<?xml version="1.0" encoding="UTF-8"?>
<!-- Generated by org.testng.reporters.JUnitReportReporter -->
<testsuite hostname="IN01L0444" failures="0" tests="2" name="testscripts.dums.dum_sample" time="0.001" errors="0" timestamp="2021-02-06T04:38:25 IST" skipped="0">
  <testcase classname="testscripts.dums.dum_sample" name="test" time="0.001"/>
  <system-out/>
  <testcase classname="testscripts.dums.dum_sample" name="test" time="0.000"/>
  <system-out/>
</testsuite> <!-- testscripts.dums.dum_sample -->
